Starting Dynare (version 4.5.4).
Starting preprocessing of the model file ...
Found 13 equation(s).
Evaluating expressions...done
Computing static model derivatives:
 - order 1
Computing dynamic model derivatives:
 - order 1
Processing outputs ...
done
Preprocessing completed.




Residuals of the static equations:

Equation number 1 : 0
Equation number 2 : 0
Equation number 3 : 0
Equation number 4 : 0
Equation number 5 : 0
Equation number 6 : 0
Equation number 7 : 0
Equation number 8 : 0
Equation number 9 : 0
Equation number 10 : 0
Equation number 11 : 0
Equation number 12 : 0
Equation number 13 : 0



EIGENVALUES:
         Modulus             Real        Imaginary

        1.84e-16         1.84e-16                0
          0.6372           0.6372                0
             0.7              0.7                0
          0.9875           0.9875                0
           1.023            1.023                0
           1.587            1.587                0
        1.24e+16        -1.24e+16                0


There are 3 eigenvalue(s) larger than 1 in modulus 
for 3 forward-looking variable(s)

The rank condition is verified.


STEADY-STATE RESULTS:

c           		 1.33712
h           		 0.827993
y           		 1.54309
i           		 -0.146591
k           		 3.57838
a           		 0
lambda      		 -0.810581
util        		 0.333217
d           		 0.7442
tb_y        		 0.00156718
ca_y        		 0
r           		 -4.61994
riskpremium 		 0

MODEL SUMMARY

  Number of variables:         13
  Number of stochastic shocks: 1
  Number of state variables:   4
  Number of jumpers:           3
  Number of static variables:  7


MATRIX OF COVARIANCE OF EXOGENOUS SHOCKS
Variables           e
e            1.000000

POLICY AND TRANSITION FUNCTIONS
                                   c               h               y               i               k               a          lambda            util               d            tb_y            ca_y               r     riskpremium
Constant                    1.337122        0.827993        1.543095       -0.146591        3.578384               0       -0.810581        0.333217        0.744200        0.001567               0       -4.619938               0
a(-1)                       0.891592        0.921053        1.381579        4.982770        0.120153        0.700000       -0.274851        0.091633        1.234122       -0.265920       -0.263755        0.313121        0.003085
d(-1)                      -0.006644               0               0       -0.341129       -0.008226               0        0.033738       -0.011248        0.689939        0.068372        0.066266        0.175051        0.001725
r(-1)                      -0.000048               0               0       -0.002477       -0.000060               0        0.000245       -0.000082        0.005010        0.000496       -0.001071        0.001271        0.000013
k(-1)                       0.519565        0.342105        0.513158       -1.760344        0.933438               0       -1.058852        0.353012       -1.942867        0.414423        0.415227       -0.492943       -0.004857
e                           0.016431        0.016974        0.025461        0.091825        0.002214        0.012900       -0.005065        0.001689        0.022743       -0.004901       -0.004861        0.005770        0.000057


THEORETICAL MOMENTS
VARIABLE            MEAN  STD. DEV.   VARIANCE
c                 1.3371     0.0302     0.0009
h                 0.8280     0.0275     0.0008
y                 1.5431     0.0412     0.0017
i                -0.1466     0.1123     0.0126
k                 3.5784     0.0288     0.0008
a                 0.0000     0.0181     0.0003
lambda           -0.8106     0.0372     0.0014
util              0.3332     0.0124     0.0002
d                 0.7442     0.1731     0.0299
tb_y              0.0016     0.0062     0.0000
ca_y              0.0000     0.0061     0.0000
r                -4.6199     0.0439     0.0019
riskpremium       0.0000     0.0004     0.0000



MATRIX OF CORRELATIONS
Variables                c            h            y            i            k            a       lambda         util            d         tb_y         ca_y            r  riskpremium
c                   1.0000       0.9825       0.9825       0.8419       0.7425       0.8551      -0.7717       0.7717      -0.2847      -0.2526      -0.2224      -0.2847      -0.2847
h                   0.9825       1.0000       1.0000       0.9137       0.6053       0.9364      -0.6398       0.6398      -0.1066      -0.3070      -0.2891      -0.1066      -0.1066
y                   0.9825       1.0000       1.0000       0.9137       0.6053       0.9364      -0.6398       0.6398      -0.1066      -0.3070      -0.2891      -0.1066      -0.1066
i                   0.8419       0.9137       0.9137       1.0000       0.3004       0.9695      -0.3541       0.3541       0.1297      -0.6103      -0.6097       0.1297       0.1297
k                   0.7425       0.6053       0.6053       0.3004       1.0000       0.2876      -0.9977       0.9977      -0.8207       0.0718       0.1353      -0.8207      -0.8207
a                   0.8551       0.9364       0.9364       0.9695       0.2876       1.0000      -0.3307       0.3307       0.2304      -0.4101      -0.4163       0.2304       0.2304
lambda             -0.7717      -0.6398      -0.6398      -0.3541      -0.9977      -0.3307       1.0000      -1.0000       0.8116      -0.0062      -0.0694       0.8116       0.8116
util                0.7717       0.6398       0.6398       0.3541       0.9977       0.3307      -1.0000       1.0000      -0.8116       0.0062       0.0694      -0.8116      -0.8116
d                  -0.2847      -0.1066      -0.1066       0.1297      -0.8207       0.2304       0.8116      -0.8116       1.0000      -0.0122      -0.0830       1.0000       1.0000
tb_y               -0.2526      -0.3070      -0.3070      -0.6103       0.0718      -0.4101      -0.0062       0.0062      -0.0122       1.0000       0.9974      -0.0122      -0.0122
ca_y               -0.2224      -0.2891      -0.2891      -0.6097       0.1353      -0.4163      -0.0694       0.0694      -0.0830       0.9974       1.0000      -0.0830      -0.0830
r                  -0.2847      -0.1066      -0.1066       0.1297      -0.8207       0.2304       0.8116      -0.8116       1.0000      -0.0122      -0.0830       1.0000       1.0000
riskpremium        -0.2847      -0.1066      -0.1066       0.1297      -0.8207       0.2304       0.8116      -0.8116       1.0000      -0.0122      -0.0830       1.0000       1.0000



COEFFICIENTS OF AUTOCORRELATION
Order               1       2       3       4       5
c              0.8343  0.7136  0.6255  0.5611  0.5136
h              0.7834  0.6261  0.5122  0.4297  0.3699
y              0.7834  0.6261  0.5122  0.4297  0.3699
i              0.5734  0.3256  0.1844  0.1062  0.0644
k              0.9958  0.9869  0.9758  0.9635  0.9508
a              0.7000  0.4900  0.3430  0.2401  0.1681
lambda         0.9906  0.9809  0.9709  0.9605  0.9498
util           0.9906  0.9809  0.9709  0.9605  0.9498
d              0.9862  0.9605  0.9312  0.9024  0.8758
tb_y           0.4317  0.1313 -0.0169 -0.0812 -0.1009
ca_y           0.4320  0.1311 -0.0179 -0.0829 -0.1033
r              0.9862  0.9605  0.9312  0.9024  0.8758
riskpremium    0.9862  0.9605  0.9312  0.9024  0.8758

std(y):              	 4.1 
std(c):                	 3.0 
std(i):                	 11.2 
std(h):                	 2.7 
std(tb/y):             	 0.6 
std(ca/y):             	 0.6 
corr(y_t,y_t-1):       	 0.78 
corr(c_t,c_t-1):       	 0.83 
corr(i_t,i_t-1):       	 0.573 
corr(h_t,h_t-1):       	 0.78 
corr(tb/y_t,tb/y_t-1): 	 0.43 
corr(ca/y_t,ca/y_t-1): 	 0.43 
corr(c_t,y_t):         	 0.98 
corr(i_t,y_t):         	 0.91 
corr(h_t,y_t):         	 1.0 
corr(tb/y_t,y_t):      	 -0.307 
corr(ca/y_t,y_t):      	 -0.289 

MODEL SUMMARY

  Number of variables:         13
  Number of stochastic shocks: 1
  Number of state variables:   4
  Number of jumpers:           3
  Number of static variables:  7


MATRIX OF COVARIANCE OF EXOGENOUS SHOCKS
Variables              e
e            6009.254252

POLICY AND TRANSITION FUNCTIONS
                                   c               h               y               i               k               a          lambda            util               d            tb_y            ca_y               r     riskpremium
Constant                    1.337122        0.827993        1.543095       -0.146591        3.578384               0       -0.810581        0.333217        0.744200        0.001567               0       -4.619938               0
a(-1)                       0.891592        0.921053        1.381579        4.982770        0.120153        0.700000       -0.274851        0.091633        1.234122       -0.265920       -0.263755        0.313121        0.003085
d(-1)                      -0.006644               0               0       -0.341129       -0.008226               0        0.033738       -0.011248        0.689939        0.068372        0.066266        0.175051        0.001725
r(-1)                      -0.000048               0               0       -0.002477       -0.000060               0        0.000245       -0.000082        0.005010        0.000496       -0.001071        0.001271        0.000013
k(-1)                       0.519565        0.342105        0.513158       -1.760344        0.933438               0       -1.058852        0.353012       -1.942867        0.414423        0.415227       -0.492943       -0.004857
e                           0.016431        0.016974        0.025461        0.091825        0.002214        0.012900       -0.005065        0.001689        0.022743       -0.004901       -0.004861        0.005770        0.000057


THEORETICAL MOMENTS
VARIABLE            MEAN  STD. DEV.   VARIANCE
c                 1.3371     2.3421     5.4854
h                 0.8280     2.1317     4.5444
y                 1.5431     3.1976    10.2248
i                -0.1466     8.7021    75.7262
k                 3.5784     2.2321     4.9822
a                 0.0000     1.4003     1.9608
lambda           -0.8106     2.8802     8.2957
util              0.3332     0.9602     0.9221
d                 0.7442    13.4150   179.9624
tb_y              0.0016     0.4816     0.2319
ca_y              0.0000     0.4761     0.2267
r                -4.6199     3.4036    11.5848
riskpremium       0.0000     0.0335     0.0011



MATRIX OF CORRELATIONS
Variables                c            h            y            i            k            a       lambda         util            d         tb_y         ca_y            r  riskpremium
c                   1.0000       0.9825       0.9825       0.8419       0.7425       0.8551      -0.7717       0.7717      -0.2847      -0.2526      -0.2224      -0.2847      -0.2847
h                   0.9825       1.0000       1.0000       0.9137       0.6053       0.9364      -0.6398       0.6398      -0.1066      -0.3070      -0.2891      -0.1066      -0.1066
y                   0.9825       1.0000       1.0000       0.9137       0.6053       0.9364      -0.6398       0.6398      -0.1066      -0.3070      -0.2891      -0.1066      -0.1066
i                   0.8419       0.9137       0.9137       1.0000       0.3004       0.9695      -0.3541       0.3541       0.1297      -0.6103      -0.6097       0.1297       0.1297
k                   0.7425       0.6053       0.6053       0.3004       1.0000       0.2876      -0.9977       0.9977      -0.8207       0.0718       0.1353      -0.8207      -0.8207
a                   0.8551       0.9364       0.9364       0.9695       0.2876       1.0000      -0.3307       0.3307       0.2304      -0.4101      -0.4163       0.2304       0.2304
lambda             -0.7717      -0.6398      -0.6398      -0.3541      -0.9977      -0.3307       1.0000      -1.0000       0.8116      -0.0062      -0.0694       0.8116       0.8116
util                0.7717       0.6398       0.6398       0.3541       0.9977       0.3307      -1.0000       1.0000      -0.8116       0.0062       0.0694      -0.8116      -0.8116
d                  -0.2847      -0.1066      -0.1066       0.1297      -0.8207       0.2304       0.8116      -0.8116       1.0000      -0.0122      -0.0830       1.0000       1.0000
tb_y               -0.2526      -0.3070      -0.3070      -0.6103       0.0718      -0.4101      -0.0062       0.0062      -0.0122       1.0000       0.9974      -0.0122      -0.0122
ca_y               -0.2224      -0.2891      -0.2891      -0.6097       0.1353      -0.4163      -0.0694       0.0694      -0.0830       0.9974       1.0000      -0.0830      -0.0830
r                  -0.2847      -0.1066      -0.1066       0.1297      -0.8207       0.2304       0.8116      -0.8116       1.0000      -0.0122      -0.0830       1.0000       1.0000
riskpremium        -0.2847      -0.1066      -0.1066       0.1297      -0.8207       0.2304       0.8116      -0.8116       1.0000      -0.0122      -0.0830       1.0000       1.0000



COEFFICIENTS OF AUTOCORRELATION
Order               1       2       3       4       5
c              0.8343  0.7136  0.6255  0.5611  0.5136
h              0.7834  0.6261  0.5122  0.4297  0.3699
y              0.7834  0.6261  0.5122  0.4297  0.3699
i              0.5734  0.3256  0.1844  0.1062  0.0644
k              0.9958  0.9869  0.9758  0.9635  0.9508
a              0.7000  0.4900  0.3430  0.2401  0.1681
lambda         0.9906  0.9809  0.9709  0.9605  0.9498
util           0.9906  0.9809  0.9709  0.9605  0.9498
d              0.9862  0.9605  0.9312  0.9024  0.8758
tb_y           0.4317  0.1313 -0.0169 -0.0812 -0.1009
ca_y           0.4320  0.1311 -0.0179 -0.0829 -0.1033
r              0.9862  0.9605  0.9312  0.9024  0.8758
riskpremium    0.9862  0.9605  0.9312  0.9024  0.8758
Total computing time : 0h00m04s
