Starting Dynare (version 4.5.4).
Starting preprocessing of the model file ...
WARNING: in the 'steady_state_model' block, variable 'tb' is declared twice
WARNING: in the 'steady_state_model' block, variable 'tb_y' is declared twice
Found 18 equation(s).
Evaluating expressions...done
Computing static model derivatives:
 - order 1
Computing dynamic model derivatives:
 - order 1
Processing outputs ...
done
Preprocessing completed.
[Warning: Some of the parameters have no value (S) when using stoch_simul. If these parameters are not initialized in a steadystate
file or a steady_state_model-block, Dynare may not be able to solve the model...] 

MODEL SUMMARY

  Number of variables:         18
  Number of stochastic shocks: 5
  Number of state variables:   10
  Number of jumpers:           5
  Number of static variables:  6


MATRIX OF COVARIANCE OF EXOGENOUS SHOCKS
Variables       eps_a     eps_g    eps_nu    eps_mu     eps_s
eps_a        0.001093  0.000000  0.000000  0.000000  0.000000
eps_g        0.000000  0.000112  0.000000  0.000000  0.000000
eps_nu       0.000000  0.000000  0.290628  0.000000  0.000000
eps_mu       0.000000  0.000000  0.000000  0.003271  0.000000
eps_s        0.000000  0.000000  0.000000  0.000000  0.000355

POLICY AND TRANSITION FUNCTIONS
                                 g_y             g_c        g_invest            tb_y               y               c               r
Constant                    0.001000        0.001000        0.001000        0.004759       -3.478262       -4.019953        0.022202
c(-1)                              0       -1.000000               0               0               0               0               0
d(-1)                      -0.000051       -0.040064       -0.009042        0.026068       -0.000051       -0.040064        0.019704
y(-1)                      -1.000000               0               0               0               0               0               0
invest(-1)                         0               0       -1.000000               0               0               0               0
mu(-1)                     -0.000967       -0.762082       -0.361709        0.555311       -0.000967       -0.762082        0.888306
nu(-1)                     -0.000060        0.067353       -0.003018       -0.038326       -0.000060        0.067353        0.000088
s(-1)                      -0.000005       -0.004105       -0.000627       -0.017927       -0.000005       -0.004105        0.000008
k(-1)                       0.556575        0.448771        0.753739        0.056593        0.556575        0.448771       -0.000078
a(-1)                       1.504390        1.718309        0.569737        0.319361        1.504390        1.718309       -0.001150
g(-1)                       1.382218        1.438198        1.135827        0.082990        0.382218        0.438198       -0.000295
eps_a                       1.739130        1.986256        0.658996        0.368743        1.739130        1.986256               0
eps_g                       1.182609        1.355702        0.420490        0.256469        1.182609        1.355702               0
eps_nu                             0        0.079302       -0.003551       -0.045022               0        0.079302               0
eps_mu                             0       -0.838985       -0.398901        0.613138               0       -0.838985        0.978043
eps_s                              0       -0.019987       -0.003056       -0.087414               0       -0.019987               0


THEORETICAL MOMENTS
VARIABLE         MEAN  STD. DEV.   VARIANCE
g_y            0.0010     0.0629     0.0040
g_c            0.0010     0.0971     0.0094
g_invest       0.0010     0.0436     0.0019
tb_y           0.0048     0.0788     0.0062
y             -3.4783     0.2169     0.0470
c             -4.0200     0.2858     0.0817
r              0.0222     0.1210     0.0146



VARIANCE DECOMPOSITION (in percent)
             eps_a   eps_g  eps_nu  eps_mu   eps_s
g_y          88.05    4.04    0.25    7.66    0.00
g_c          47.49    2.19   24.03   26.29    0.00
g_invest     45.85    2.19    1.66   50.30    0.00
tb_y         12.92    0.18   30.54   56.31    0.05
y            81.62    0.37    3.15   14.86    0.00
c            66.77    0.27   10.96   22.00    0.00
r             4.61    0.01    7.86   87.51    0.00



MATRIX OF CORRELATIONS
Variables         g_y       g_c  g_invest      tb_y         y         c         r
g_y            1.0000    0.6974    0.6756    0.0626    0.1501    0.1608   -0.0933
g_c            0.6974    1.0000    0.6888   -0.1447    0.0729    0.1734   -0.1590
g_invest       0.6756    0.6888    1.0000   -0.1722    0.1843    0.2812   -0.3490
tb_y           0.0626   -0.1447   -0.1722    1.0000   -0.1046   -0.4438    0.7336
y              0.1501    0.0729    0.1843   -0.1046    1.0000    0.9285   -0.4650
c              0.1608    0.1734    0.2812   -0.4438    0.9285    1.0000   -0.6220
r             -0.0933   -0.1590   -0.3490    0.7336   -0.4650   -0.6220    1.0000



COEFFICIENTS OF AUTOCORRELATION
Order            1       2       3       4       5
g_y         0.1570  0.0863  0.0357  0.0011 -0.0216
g_c         0.0528  0.0204 -0.0019 -0.0167 -0.0260
g_invest    0.6622  0.4061  0.2266  0.1024  0.0179
tb_y        0.8160  0.6639  0.5372  0.4312  0.3425
y           0.9564  0.9016  0.8404  0.7767  0.7131
c           0.9414  0.8782  0.8131  0.7485  0.6860
r           0.8850  0.7831  0.6927  0.6125  0.5412
                               	   g_y   	   g_c   	 g_inv   	  TB/Y   
          Standard Deviations: 	 6.2946 	 9.7102 	 4.3599 	 7.8778 
                  2.168805e+01 	 28.5822 	 12.1008 	          Correlation with g_y: 	 1.0000 	 0.6974 	 0.6756 	 0.0626 
                  1.501385e-01 	 0.1608 	 -0.0933 	         First Order Autocorr.: 	 0.1570 	 0.0528 	 0.6622 	 0.8160 
                  9.563543e-01 	 0.9414 	 0.8850 	        Second Order Autocorr.: 	 0.0863 	 0.0204 	 0.4061 	 0.6639 
                  9.015863e-01 	 0.8782 	 0.7831 	         Third Order Autocorr.: 	 0.0357 	 -0.0019 	 0.2266 	 0.5372 
                  8.404326e-01 	 0.8131 	 0.6927 	        Fourth Order Autocorr.: 	 0.0011 	 -0.0167 	 0.1024 	 0.4312 
                  7.767039e-01 	 0.7485 	 0.6125 	         Correlation with TB/Y: 	 0.0626 	 -0.1447 	 -0.1722 	 1.0000 
                 -1.046415e-01 	 -0.4438 	 0.7336 	                                	   g_y   	   g_c   	 g_inv   	  TB/Y   
           Non-stationary TFP: 	 4.0407 	 2.1938 	 2.1875 	 0.1840 
               Stationary TFP: 	 88.0482 	 47.4919 	 45.8505 	 12.9171 
                   Preference: 	 0.2503 	 24.0260 	 1.6645 	 30.5380 
              Country Premium: 	 7.6607 	 26.2868 	 50.2969 	 56.3118 
                 Ex. Spending: 	 0.0001 	 0.0016 	 0.0007 	 0.0491 
Total computing time : 0h00m09s
Note: 2 warning(s) encountered in the preprocessor
Note: warning(s) encountered in MATLAB/Octave code
